[2021-01-25 20:34:08Z INFO HostContext] No proxy settings were found based on environmental variables (http_proxy/https_proxy/HTTP_PROXY/HTTPS_PROXY)
[2021-01-25 20:34:08Z INFO HostContext] Well known directory 'Bin': '/home/ec2-user/cradle/actions-runner/bin'
[2021-01-25 20:34:08Z INFO HostContext] Well known directory 'Root': '/home/ec2-user/cradle/actions-runner'
[2021-01-25 20:34:08Z INFO HostContext] Well known config file 'Credentials': '/home/ec2-user/cradle/actions-runner/.credentials'
[2021-01-25 20:34:08Z INFO Listener] Runner is built for Linux (X64) - linux-x64.
[2021-01-25 20:34:08Z INFO Listener] RuntimeInformation: Linux 4.18.0-240.1.1.el8_3.x86_64 #1 SMP Fri Oct 16 13:36:46 EDT 2020.
[2021-01-25 20:34:08Z INFO Listener] Version: 2.276.1
[2021-01-25 20:34:08Z INFO Listener] Commit: 5effa808be96eae7f2e08d713426b8d056bddff1
[2021-01-25 20:34:08Z INFO Listener] Culture: en-US
[2021-01-25 20:34:08Z INFO Listener] UI Culture: en-US
[2021-01-25 20:34:08Z INFO HostContext] Well known directory 'Bin': '/home/ec2-user/cradle/actions-runner/bin'
[2021-01-25 20:34:08Z INFO HostContext] Well known directory 'Root': '/home/ec2-user/cradle/actions-runner'
[2021-01-25 20:34:08Z INFO Listener] Validating directory permissions for: '/home/ec2-user/cradle/actions-runner'
[2021-01-25 20:34:08Z INFO CommandLineParser] Parse
[2021-01-25 20:34:08Z INFO CommandLineParser] Parsing 5 args
[2021-01-25 20:34:08Z INFO CommandLineParser] parsing argument
[2021-01-25 20:34:08Z INFO CommandLineParser] HasArgs: False
[2021-01-25 20:34:08Z INFO CommandLineParser] Adding Command: configure
[2021-01-25 20:34:08Z INFO CommandLineParser] parsing argument
[2021-01-25 20:34:08Z INFO CommandLineParser] HasArgs: True
[2021-01-25 20:34:08Z INFO CommandLineParser] arg: url
[2021-01-25 20:34:08Z INFO CommandLineParser] parsing argument
[2021-01-25 20:34:08Z INFO CommandLineParser] HasArgs: True
[2021-01-25 20:34:08Z INFO CommandLineParser] Adding option 'url': 'https://github.com/CodeSparta/cradle'
[2021-01-25 20:34:08Z INFO CommandLineParser] parsing argument
[2021-01-25 20:34:08Z INFO CommandLineParser] HasArgs: True
[2021-01-25 20:34:08Z INFO CommandLineParser] arg: token
[2021-01-25 20:34:08Z INFO CommandLineParser] parsing argument
[2021-01-25 20:34:08Z INFO CommandLineParser] HasArgs: True
[2021-01-25 20:34:08Z INFO CommandLineParser] Adding option 'token': '***'
[2021-01-25 20:34:08Z INFO Listener] Arguments parsed
[2021-01-25 20:34:08Z INFO Runner] ExecuteCommand
[2021-01-25 20:34:08Z INFO ConfigurationStore] currentAssemblyLocation: /home/ec2-user/cradle/actions-runner/bin/Runner.Listener.dll
[2021-01-25 20:34:08Z INFO HostContext] Well known directory 'Bin': '/home/ec2-user/cradle/actions-runner/bin'
[2021-01-25 20:34:08Z INFO ConfigurationStore] binPath: /home/ec2-user/cradle/actions-runner/bin
[2021-01-25 20:34:08Z INFO HostContext] Well known directory 'Bin': '/home/ec2-user/cradle/actions-runner/bin'
[2021-01-25 20:34:08Z INFO HostContext] Well known directory 'Root': '/home/ec2-user/cradle/actions-runner'
[2021-01-25 20:34:08Z INFO ConfigurationStore] RootFolder: /home/ec2-user/cradle/actions-runner
[2021-01-25 20:34:08Z INFO HostContext] Well known directory 'Bin': '/home/ec2-user/cradle/actions-runner/bin'
[2021-01-25 20:34:08Z INFO HostContext] Well known directory 'Root': '/home/ec2-user/cradle/actions-runner'
[2021-01-25 20:34:08Z INFO HostContext] Well known config file 'Runner': '/home/ec2-user/cradle/actions-runner/.runner'
[2021-01-25 20:34:08Z INFO ConfigurationStore] ConfigFilePath: /home/ec2-user/cradle/actions-runner/.runner
[2021-01-25 20:34:08Z INFO HostContext] Well known directory 'Bin': '/home/ec2-user/cradle/actions-runner/bin'
[2021-01-25 20:34:08Z INFO HostContext] Well known directory 'Root': '/home/ec2-user/cradle/actions-runner'
[2021-01-25 20:34:08Z INFO HostContext] Well known config file 'Credentials': '/home/ec2-user/cradle/actions-runner/.credentials'
[2021-01-25 20:34:08Z INFO ConfigurationStore] CredFilePath: /home/ec2-user/cradle/actions-runner/.credentials
[2021-01-25 20:34:08Z INFO HostContext] Well known directory 'Bin': '/home/ec2-user/cradle/actions-runner/bin'
[2021-01-25 20:34:08Z INFO HostContext] Well known directory 'Root': '/home/ec2-user/cradle/actions-runner'
[2021-01-25 20:34:08Z INFO HostContext] Well known config file 'MigratedCredentials': '/home/ec2-user/cradle/actions-runner/.credentials_migrated'
[2021-01-25 20:34:08Z INFO ConfigurationStore] MigratedCredFilePath: /home/ec2-user/cradle/actions-runner/.credentials_migrated
[2021-01-25 20:34:08Z INFO HostContext] Well known directory 'Bin': '/home/ec2-user/cradle/actions-runner/bin'
[2021-01-25 20:34:08Z INFO HostContext] Well known directory 'Root': '/home/ec2-user/cradle/actions-runner'
[2021-01-25 20:34:08Z INFO HostContext] Well known config file 'Service': '/home/ec2-user/cradle/actions-runner/.service'
[2021-01-25 20:34:08Z INFO ConfigurationStore] ServiceConfigFilePath: /home/ec2-user/cradle/actions-runner/.service
[2021-01-25 20:34:08Z INFO CommandSettings] Flag 'help': 'False'
[2021-01-25 20:34:08Z INFO CommandSettings] Flag 'version': 'False'
[2021-01-25 20:34:08Z INFO CommandSettings] Flag 'commit': 'False'
[2021-01-25 20:34:08Z INFO CommandSettings] Flag 'check': 'False'
[2021-01-25 20:34:08Z INFO CommandSettings] Command 'configure': 'True'
[2021-01-25 20:34:08Z INFO Terminal] WRITE LINE: 
[2021-01-25 20:34:08Z INFO Terminal] WRITE LINE: --------------------------------------------------------------------------------
[2021-01-25 20:34:08Z INFO Terminal] WRITE LINE: |        ____ _ _   _   _       _          _        _   _                      |
[2021-01-25 20:34:08Z INFO Terminal] WRITE LINE: |       / ___(_) |_| | | |_   _| |__      / \   ___| |_(_) ___  _ __  ___      |
[2021-01-25 20:34:08Z INFO Terminal] WRITE LINE: |      | |  _| | __| |_| | | | | '_ \    / _ \ / __| __| |/ _ \| '_ \/ __|     |
[2021-01-25 20:34:08Z INFO Terminal] WRITE LINE: |      | |_| | | |_|  _  | |_| | |_) |  / ___ \ (__| |_| | (_) | | | \__ \     |
[2021-01-25 20:34:08Z INFO Terminal] WRITE LINE: |       \____|_|\__|_| |_|\__,_|_.__/  /_/   \_\___|\__|_|\___/|_| |_|___/     |
[2021-01-25 20:34:08Z INFO Terminal] WRITE LINE: |                                                                              |
[2021-01-25 20:34:08Z INFO Terminal] WRITE: |                       
[2021-01-25 20:34:08Z INFO Terminal] WRITE: Self-hosted runner registration
[2021-01-25 20:34:08Z INFO Terminal] WRITE LINE:                         |
[2021-01-25 20:34:08Z INFO Terminal] WRITE LINE: |                                                                              |
[2021-01-25 20:34:08Z INFO Terminal] WRITE LINE: --------------------------------------------------------------------------------
[2021-01-25 20:34:08Z INFO ConfigurationManager] ConfigureAsync
[2021-01-25 20:34:08Z INFO ConfigurationStore] IsConfigured()
[2021-01-25 20:34:08Z INFO ConfigurationStore] IsConfigured: False
[2021-01-25 20:34:08Z INFO ConfigurationManager] Is configured: False
[2021-01-25 20:34:08Z INFO CommandSettings] Arg 'url': 'https://github.com/CodeSparta/cradle'
[2021-01-25 20:34:08Z INFO CommandSettings] Remove url from Arg dictionary.
[2021-01-25 20:34:08Z INFO CommandSettings] Arg 'token': '***'
[2021-01-25 20:34:08Z INFO CommandSettings] Remove token from Arg dictionary.
[2021-01-25 20:34:08Z ERR  Terminal] WRITE ERROR: Http response code: NotFound from 'POST https://api.github.com/actions/runner-registration'
[2021-01-25 20:34:08Z ERR  Terminal] WRITE ERROR: {"message":"Not Found","documentation_url":"https://docs.github.com/rest"}
[2021-01-25 20:34:08Z ERR  Runner] System.Net.Http.HttpRequestException: Response status code does not indicate success: 404 (Not Found).
   at System.Net.Http.HttpResponseMessage.EnsureSuccessStatusCode()
   at GitHub.Runner.Listener.Configuration.ConfigurationManager.GetTenantCredential(String githubUrl, String githubToken, String runnerEvent)
   at GitHub.Runner.Listener.Configuration.ConfigurationManager.ConfigureAsync(CommandSettings command)
   at GitHub.Runner.Listener.Runner.ExecuteCommand(CommandSettings command)
[2021-01-25 20:34:08Z ERR  Terminal] WRITE ERROR: Response status code does not indicate success: 404 (Not Found).
[2021-01-25 20:34:08Z INFO Listener] Runner execution has finished with return code 1
